
*** Running vivado
    with args -log fir_DA_folded.vds -m64 -product Vivado -mode batch -messageDb vivado.pb -notrace -source fir_DA_folded.tcl


****** Vivado v2023.1 (64-bit)
  **** SW Build 3865809 on Sun May  7 15:04:56 MDT 2023
  **** IP Build 3864474 on Sun May  7 20:36:21 MDT 2023
  **** SharedData Build 3865790 on Sun May 07 13:33:03 MDT 2023
    ** Copyright 1986-2022 Xilinx, Inc. All Rights Reserved.
    ** Copyright 2022-2023 Advanced Micro Devices, Inc. All Rights Reserved.

source fir_DA_folded.tcl -notrace
create_project: Time (s): cpu = 00:00:10 ; elapsed = 00:00:11 . Memory (MB): peak = 1332.262 ; gain = 0.023 ; free physical = 2769 ; free virtual = 9872
Command: synth_design -top fir_DA_folded -part xc7a35ticsg324-1L
Starting synth_design
Attempting to get a license for feature 'Synthesis' and/or device 'xc7a35ti'
INFO: [Common 17-349] Got license for feature 'Synthesis' and/or device 'xc7a35ti'
INFO: [Synth 8-7079] Multithreading enabled for synth_design using a maximum of 4 processes.
INFO: [Synth 8-7078] Launching helper process for spawning children vivado processes
INFO: [Synth 8-7075] Helper process launched with PID 40028
---------------------------------------------------------------------------------
Starting Synthesize : Time (s): cpu = 00:00:05 ; elapsed = 00:00:05 . Memory (MB): peak = 1703.094 ; gain = 370.832 ; free physical = 2157 ; free virtual = 9260
---------------------------------------------------------------------------------
INFO: [Synth 8-6157] synthesizing module 'fir_DA_folded' [/mnt/sda1/Cursos/DDA/Practica/TP4/EJ4/fir_DA_folded.v:3]
INFO: [Synth 8-3876] $readmem data file 'ROM_folded.mem' is read successfully [/mnt/sda1/Cursos/DDA/Practica/TP4/EJ4/fir_DA_folded.v:31]
INFO: [Synth 8-6155] done synthesizing module 'fir_DA_folded' (0#1) [/mnt/sda1/Cursos/DDA/Practica/TP4/EJ4/fir_DA_folded.v:3]
WARNING: [Synth 8-3848] Net xn[8] in module/entity fir_DA_folded does not have driver. [/mnt/sda1/Cursos/DDA/Practica/TP4/EJ4/fir_DA_folded.v:19]
WARNING: [Synth 8-3848] Net xn[7] in module/entity fir_DA_folded does not have driver. [/mnt/sda1/Cursos/DDA/Practica/TP4/EJ4/fir_DA_folded.v:19]
WARNING: [Synth 8-3848] Net xn[6] in module/entity fir_DA_folded does not have driver. [/mnt/sda1/Cursos/DDA/Practica/TP4/EJ4/fir_DA_folded.v:19]
WARNING: [Synth 8-3848] Net xn[5] in module/entity fir_DA_folded does not have driver. [/mnt/sda1/Cursos/DDA/Practica/TP4/EJ4/fir_DA_folded.v:19]
WARNING: [Synth 8-3848] Net p_0_in in module/entity fir_DA_folded does not have driver.
---------------------------------------------------------------------------------
Finished Synthesize : Time (s): cpu = 00:00:07 ; elapsed = 00:00:07 . Memory (MB): peak = 1768.062 ; gain = 435.801 ; free physical = 2069 ; free virtual = 9173
---------------------------------------------------------------------------------
---------------------------------------------------------------------------------
Finished Constraint Validation : Time (s): cpu = 00:00:07 ; elapsed = 00:00:08 . Memory (MB): peak = 1779.938 ; gain = 447.676 ; free physical = 2066 ; free virtual = 9170
---------------------------------------------------------------------------------
---------------------------------------------------------------------------------
Start Loading Part and Timing Information
---------------------------------------------------------------------------------
Loading part: xc7a35ticsg324-1L
INFO: [Device 21-403] Loading part xc7a35ticsg324-1L
---------------------------------------------------------------------------------
Finished Loading Part and Timing Information : Time (s): cpu = 00:00:07 ; elapsed = 00:00:08 . Memory (MB): peak = 1787.941 ; gain = 455.680 ; free physical = 2061 ; free virtual = 9165
---------------------------------------------------------------------------------
---------------------------------------------------------------------------------
Finished RTL Optimization Phase 2 : Time (s): cpu = 00:00:07 ; elapsed = 00:00:08 . Memory (MB): peak = 1796.848 ; gain = 464.586 ; free physical = 2055 ; free virtual = 9160
---------------------------------------------------------------------------------
No constraint files found.
---------------------------------------------------------------------------------
Start RTL Component Statistics 
---------------------------------------------------------------------------------
Detailed RTL Component Info : 
+---Adders : 
	   3 Input   25 Bit       Adders := 1     
	   2 Input   25 Bit       Adders := 1     
	   2 Input    1 Bit       Adders := 4     
+---Registers : 
	               25 Bit    Registers := 2     
	                8 Bit    Registers := 4     
+---Muxes : 
	   2 Input   25 Bit        Muxes := 1     
	  17 Input   17 Bit        Muxes := 1     
	   2 Input    1 Bit        Muxes := 1     
---------------------------------------------------------------------------------
Finished RTL Component Statistics 
---------------------------------------------------------------------------------
---------------------------------------------------------------------------------
Start Part Resource Summary
---------------------------------------------------------------------------------
Part Resources:
DSPs: 90 (col length:60)
BRAMs: 100 (col length: RAMB18 60 RAMB36 30)
---------------------------------------------------------------------------------
Finished Part Resource Summary
---------------------------------------------------------------------------------
No constraint files found.
---------------------------------------------------------------------------------
Start Cross Boundary and Area Optimization
---------------------------------------------------------------------------------
WARNING: [Synth 8-7080] Parallel synthesis criteria is not met
---------------------------------------------------------------------------------
Finished Cross Boundary and Area Optimization : Time (s): cpu = 00:00:12 ; elapsed = 00:00:13 . Memory (MB): peak = 1938.145 ; gain = 605.883 ; free physical = 1909 ; free virtual = 9018
---------------------------------------------------------------------------------
No constraint files found.
---------------------------------------------------------------------------------
Start Timing Optimization
---------------------------------------------------------------------------------
---------------------------------------------------------------------------------
Finished Timing Optimization : Time (s): cpu = 00:00:12 ; elapsed = 00:00:13 . Memory (MB): peak = 1938.145 ; gain = 605.883 ; free physical = 1909 ; free virtual = 9018
---------------------------------------------------------------------------------
---------------------------------------------------------------------------------
Start Technology Mapping
---------------------------------------------------------------------------------
---------------------------------------------------------------------------------
Finished Technology Mapping : Time (s): cpu = 00:00:12 ; elapsed = 00:00:13 . Memory (MB): peak = 1938.145 ; gain = 605.883 ; free physical = 1909 ; free virtual = 9018
---------------------------------------------------------------------------------
---------------------------------------------------------------------------------
Start IO Insertion
---------------------------------------------------------------------------------
---------------------------------------------------------------------------------
Start Flattening Before IO Insertion
---------------------------------------------------------------------------------
---------------------------------------------------------------------------------
Finished Flattening Before IO Insertion
---------------------------------------------------------------------------------
---------------------------------------------------------------------------------
Start Final Netlist Cleanup
---------------------------------------------------------------------------------
---------------------------------------------------------------------------------
Finished Final Netlist Cleanup
---------------------------------------------------------------------------------
---------------------------------------------------------------------------------
Finished IO Insertion : Time (s): cpu = 00:00:16 ; elapsed = 00:00:17 . Memory (MB): peak = 1938.145 ; gain = 605.883 ; free physical = 1910 ; free virtual = 9019
---------------------------------------------------------------------------------
---------------------------------------------------------------------------------
Start Renaming Generated Instances
---------------------------------------------------------------------------------
---------------------------------------------------------------------------------
Finished Renaming Generated Instances : Time (s): cpu = 00:00:16 ; elapsed = 00:00:17 . Memory (MB): peak = 1938.145 ; gain = 605.883 ; free physical = 1910 ; free virtual = 9019
---------------------------------------------------------------------------------
---------------------------------------------------------------------------------
Start Rebuilding User Hierarchy
---------------------------------------------------------------------------------
---------------------------------------------------------------------------------
Finished Rebuilding User Hierarchy : Time (s): cpu = 00:00:16 ; elapsed = 00:00:17 . Memory (MB): peak = 1938.145 ; gain = 605.883 ; free physical = 1910 ; free virtual = 9019
---------------------------------------------------------------------------------
---------------------------------------------------------------------------------
Start Renaming Generated Ports
---------------------------------------------------------------------------------
---------------------------------------------------------------------------------
Finished Renaming Generated Ports : Time (s): cpu = 00:00:16 ; elapsed = 00:00:17 . Memory (MB): peak = 1938.145 ; gain = 605.883 ; free physical = 1910 ; free virtual = 9019
---------------------------------------------------------------------------------
---------------------------------------------------------------------------------
Start Handling Custom Attributes
---------------------------------------------------------------------------------
---------------------------------------------------------------------------------
Finished Handling Custom Attributes : Time (s): cpu = 00:00:16 ; elapsed = 00:00:17 . Memory (MB): peak = 1938.145 ; gain = 605.883 ; free physical = 1909 ; free virtual = 9019
---------------------------------------------------------------------------------
---------------------------------------------------------------------------------
Start Renaming Generated Nets
---------------------------------------------------------------------------------
---------------------------------------------------------------------------------
Finished Renaming Generated Nets : Time (s): cpu = 00:00:16 ; elapsed = 00:00:17 . Memory (MB): peak = 1938.145 ; gain = 605.883 ; free physical = 1909 ; free virtual = 9019
---------------------------------------------------------------------------------
---------------------------------------------------------------------------------
Start Writing Synthesis Report
---------------------------------------------------------------------------------

Report BlackBoxes: 
+-+--------------+----------+
| |BlackBox name |Instances |
+-+--------------+----------+
+-+--------------+----------+

Report Cell Usage: 
+------+-------+------+
|      |Cell   |Count |
+------+-------+------+
|1     |BUFG   |     1|
|2     |CARRY4 |     6|
|3     |LUT1   |     2|
|4     |LUT2   |     5|
|5     |LUT3   |     2|
|6     |LUT4   |     1|
|7     |LUT5   |    16|
|8     |LUT6   |    15|
|9     |FDRE   |    57|
|10    |IBUF   |     6|
|11    |OBUF   |    25|
+------+-------+------+

Report Instance Areas: 
+------+---------+-------+------+
|      |Instance |Module |Cells |
+------+---------+-------+------+
|1     |top      |       |   136|
+------+---------+-------+------+
---------------------------------------------------------------------------------
Finished Writing Synthesis Report : Time (s): cpu = 00:00:16 ; elapsed = 00:00:17 . Memory (MB): peak = 1938.145 ; gain = 605.883 ; free physical = 1909 ; free virtual = 9019
---------------------------------------------------------------------------------
Synthesis finished with 0 errors, 0 critical warnings and 6 warnings.
Synthesis Optimization Runtime : Time (s): cpu = 00:00:16 ; elapsed = 00:00:17 . Memory (MB): peak = 1938.145 ; gain = 605.883 ; free physical = 1909 ; free virtual = 9019
Synthesis Optimization Complete : Time (s): cpu = 00:00:16 ; elapsed = 00:00:17 . Memory (MB): peak = 1938.152 ; gain = 605.883 ; free physical = 1909 ; free virtual = 9019
INFO: [Project 1-571] Translating synthesized netlist
Netlist sorting complete. Time (s): cpu = 00:00:00 ; elapsed = 00:00:00 . Memory (MB): peak = 1938.152 ; gain = 0.000 ; free physical = 2177 ; free virtual = 9289
INFO: [Netlist 29-17] Analyzing 6 Unisim elements for replacement
INFO: [Netlist 29-28] Unisim Transformation completed in 0 CPU seconds
INFO: [Project 1-570] Preparing netlist for logic optimization
INFO: [Opt 31-138] Pushed 0 inverter(s) to 0 load pin(s).
Netlist sorting complete. Time (s): cpu = 00:00:00.01 ; elapsed = 00:00:00 . Memory (MB): peak = 2013.863 ; gain = 0.000 ; free physical = 2113 ; free virtual = 9226
INFO: [Project 1-111] Unisim Transformation Summary:
No Unisim elements were transformed.

Synth Design complete | Checksum: 984c7d7a
INFO: [Common 17-83] Releasing license: Synthesis
15 Infos, 6 Warnings, 0 Critical Warnings and 0 Errors encountered.
synth_design completed successfully
synth_design: Time (s): cpu = 00:00:22 ; elapsed = 00:00:19 . Memory (MB): peak = 2013.863 ; gain = 681.602 ; free physical = 2113 ; free virtual = 9225
INFO: [Common 17-2834] synth_design peak Physical Memory [PSS] (MB): overall = 1428.425; main = 1317.543; forked = 363.213
INFO: [Common 17-2834] synth_design peak Virtual Memory [VSS] (MB): overall = 2778.379; main = 2013.867; forked = 972.621
INFO: [Common 17-1381] The checkpoint '/mnt/sda1/Cursos/DDA/Practica/TP4/EJ4/FIR_DA/FIR_DA.runs/synth_1/fir_DA_folded.dcp' has been generated.
INFO: [runtcl-4] Executing : report_utilization -file fir_DA_folded_utilization_synth.rpt -pb fir_DA_folded_utilization_synth.pb
INFO: [Common 17-206] Exiting Vivado at Sun Dec 24 14:51:44 2023...
